<?xml version="1.0" encoding="UTF-8"?>
<!-- Generated by org.testng.reporters.JUnitXMLReporter -->
<testsuite ignored="0" hostname="Rakeshs-MacBook-Air.local" failures="0" tests="1" name="Default test" time="3.65" errors="0" timestamp="2021-05-27T16:00:25 EDT">
  <testcase classname="TESTs.Testcases" name="@BeforeMethod setup" time="3.498">
    <failure type="org.openqa.selenium.SessionNotCreatedException" message="session not created: This version of ChromeDriver only supports Chrome version 85
Build info: version: &amp;apos;3.141.59&amp;apos;, revision: &amp;apos;e82be7d358&amp;apos;, time: &amp;apos;2018-11-14T08:17:03&amp;apos;
System info: host: &amp;apos;Rakeshs-MacBook-Air.local&amp;apos;, ip: &amp;apos;fe80:0:0:0:1498:d170:853c:bb30%en0&amp;apos;, os.name: &amp;apos;Mac OS X&amp;apos;, os.arch: &amp;apos;x86_64&amp;apos;, os.version: &amp;apos;10.15.6&amp;apos;, java.version: &amp;apos;11.0.2&amp;apos;
Driver info: driver.version: ChromeDriver
remote stacktrace: 0   chromedriver                        0x000000010aaa31b9 chromedriver + 4911545
1   chromedriver                        0x000000010aa42e03 chromedriver + 4517379
2   chromedriver                        0x000000010a6b0dc6 chromedriver + 773574
3   chromedriver                        0x000000010a60c452 chromedriver + 99410
4   chromedriver                        0x000000010a608d6f chromedriver + 85359
5   chromedriver                        0x000000010a637716 chromedriver + 276246
6   chromedriver                        0x000000010a634723 chromedriver + 263971
7   chromedriver                        0x000000010a60e720 chromedriver + 108320
8   chromedriver                        0x000000010a60f693 chromedriver + 112275
9   chromedriver                        0x000000010aa6bf72 chromedriver + 4685682
10  chromedriver                        0x000000010aa79b3a chromedriver + 4741946
11  chromedriver                        0x000000010aa79801 chromedriver + 4741121
12  chromedriver                        0x000000010aa4f25e chromedriver + 4567646
13  chromedriver                        0x000000010aa7a061 chromedriver + 4743265
14  chromedriver                        0x000000010aa60d0a chromedriver + 4640010
15  chromedriver                        0x000000010aa930ba chromedriver + 4845754
16  chromedriver                        0x000000010aaa9387 chromedriver + 4936583
17  libsystem_pthread.dylib             0x00007fff6ad87109 _pthread_start + 148
18  libsystem_pthread.dylib             0x00007fff6ad82b8b thread_start + 15
">
      <![CDATA[org.openqa.selenium.SessionNotCreatedException: session not created: This version of ChromeDriver only supports Chrome version 85
Build info: version: '3.141.59', revision: 'e82be7d358', time: '2018-11-14T08:17:03'
System info: host: 'Rakeshs-MacBook-Air.local', ip: 'fe80:0:0:0:1498:d170:853c:bb30%en0', os.name: 'Mac OS X', os.arch: 'x86_64', os.version: '10.15.6', java.version: '11.0.2'
Driver info: driver.version: ChromeDriver
remote stacktrace: 0   chromedriver                        0x000000010aaa31b9 chromedriver + 4911545
1   chromedriver                        0x000000010aa42e03 chromedriver + 4517379
2   chromedriver                        0x000000010a6b0dc6 chromedriver + 773574
3   chromedriver                        0x000000010a60c452 chromedriver + 99410
4   chromedriver                        0x000000010a608d6f chromedriver + 85359
5   chromedriver                        0x000000010a637716 chromedriver + 276246
6   chromedriver                        0x000000010a634723 chromedriver + 263971
7   chromedriver                        0x000000010a60e720 chromedriver + 108320
8   chromedriver                        0x000000010a60f693 chromedriver + 112275
9   chromedriver                        0x000000010aa6bf72 chromedriver + 4685682
10  chromedriver                        0x000000010aa79b3a chromedriver + 4741946
11  chromedriver                        0x000000010aa79801 chromedriver + 4741121
12  chromedriver                        0x000000010aa4f25e chromedriver + 4567646
13  chromedriver                        0x000000010aa7a061 chromedriver + 4743265
14  chromedriver                        0x000000010aa60d0a chromedriver + 4640010
15  chromedriver                        0x000000010aa930ba chromedriver + 4845754
16  chromedriver                        0x000000010aaa9387 chromedriver + 4936583
17  libsystem_pthread.dylib             0x00007fff6ad87109 _pthread_start + 148
18  libsystem_pthread.dylib             0x00007fff6ad82b8b thread_start + 15

at java.base/jdk.internal.reflect.NativeConstructorAccessorImpl.newInstance0(Native Method)
at java.base/jdk.internal.reflect.NativeConstructorAccessorImpl.newInstance(NativeConstructorAccessorImpl.java:62)
at java.base/jdk.internal.reflect.DelegatingConstructorAccessorImpl.newInstance(DelegatingConstructorAccessorImpl.java:45)
at java.base/java.lang.reflect.Constructor.newInstance(Constructor.java:490)
at org.openqa.selenium.remote.W3CHandshakeResponse.lambda$errorHandler$0(W3CHandshakeResponse.java:62)
at org.openqa.selenium.remote.HandshakeResponse.lambda$getResponseFunction$0(HandshakeResponse.java:30)
at org.openqa.selenium.remote.ProtocolHandshake.lambda$createSession$0(ProtocolHandshake.java:126)
at java.base/java.util.stream.ReferencePipeline$3$1.accept(ReferencePipeline.java:195)
at java.base/java.util.Spliterators$ArraySpliterator.tryAdvance(Spliterators.java:958)
at java.base/java.util.stream.ReferencePipeline.forEachWithCancel(ReferencePipeline.java:127)
at java.base/java.util.stream.AbstractPipeline.copyIntoWithCancel(AbstractPipeline.java:502)
at java.base/java.util.stream.AbstractPipeline.copyInto(AbstractPipeline.java:488)
at java.base/java.util.stream.AbstractPipeline.wrapAndCopyInto(AbstractPipeline.java:474)
at java.base/java.util.stream.FindOps$FindOp.evaluateSequential(FindOps.java:150)
at java.base/java.util.stream.AbstractPipeline.evaluate(AbstractPipeline.java:234)
at java.base/java.util.stream.ReferencePipeline.findFirst(ReferencePipeline.java:543)
at org.openqa.selenium.remote.ProtocolHandshake.createSession(ProtocolHandshake.java:128)
at org.openqa.selenium.remote.ProtocolHandshake.createSession(ProtocolHandshake.java:74)
at org.openqa.selenium.remote.HttpCommandExecutor.execute(HttpCommandExecutor.java:136)
at org.openqa.selenium.remote.service.DriverCommandExecutor.execute(DriverCommandExecutor.java:83)
at org.openqa.selenium.remote.RemoteWebDriver.execute(RemoteWebDriver.java:552)
at org.openqa.selenium.remote.RemoteWebDriver.startSession(RemoteWebDriver.java:213)
at org.openqa.selenium.remote.RemoteWebDriver.<init>(RemoteWebDriver.java:131)
at org.openqa.selenium.chrome.ChromeDriver.<init>(ChromeDriver.java:181)
at org.openqa.selenium.chrome.ChromeDriver.<init>(ChromeDriver.java:168)
at org.openqa.selenium.chrome.ChromeDriver.<init>(ChromeDriver.java:123)
at PAGES.BASE.initialization(BASE.java:44)
at TESTs.Testcases.setup(Testcases.java:17)
at java.base/jdk.internal.reflect.NativeMethodAccessorImpl.invoke0(Native Method)
at java.base/jdk.internal.reflect.NativeMethodAccessorImpl.invoke(NativeMethodAccessorImpl.java:62)
at java.base/jdk.internal.reflect.DelegatingMethodAccessorImpl.invoke(DelegatingMethodAccessorImpl.java:43)
at java.base/java.lang.reflect.Method.invoke(Method.java:566)
at org.testng.internal.MethodInvocationHelper.invokeMethod(MethodInvocationHelper.java:132)
at org.testng.internal.MethodInvocationHelper.invokeMethodConsideringTimeout(MethodInvocationHelper.java:61)
at org.testng.internal.ConfigInvoker.invokeConfigurationMethod(ConfigInvoker.java:366)
at org.testng.internal.ConfigInvoker.invokeConfigurations(ConfigInvoker.java:320)
at org.testng.internal.TestInvoker.runConfigMethods(TestInvoker.java:701)
at org.testng.internal.TestInvoker.invokeMethod(TestInvoker.java:527)
at org.testng.internal.TestInvoker.invokeTestMethod(TestInvoker.java:174)
at org.testng.internal.MethodRunner.runInSequence(MethodRunner.java:46)
at org.testng.internal.TestInvoker$MethodInvocationAgent.invoke(TestInvoker.java:822)
at org.testng.internal.TestInvoker.invokeTestMethods(TestInvoker.java:147)
at org.testng.internal.TestMethodWorker.invokeTestMethods(TestMethodWorker.java:146)
at org.testng.internal.TestMethodWorker.run(TestMethodWorker.java:128)
at java.base/java.util.ArrayList.forEach(ArrayList.java:1540)
at org.testng.TestRunner.privateRun(TestRunner.java:764)
at org.testng.TestRunner.run(TestRunner.java:585)
at org.testng.SuiteRunner.runTest(SuiteRunner.java:384)
at org.testng.SuiteRunner.runSequentially(SuiteRunner.java:378)
at org.testng.SuiteRunner.privateRun(SuiteRunner.java:337)
at org.testng.SuiteRunner.run(SuiteRunner.java:286)
at org.testng.SuiteRunnerWorker.runSuite(SuiteRunnerWorker.java:53)
at org.testng.SuiteRunnerWorker.run(SuiteRunnerWorker.java:96)
at org.testng.TestNG.runSuitesSequentially(TestNG.java:1218)
at org.testng.TestNG.runSuitesLocally(TestNG.java:1140)
at org.testng.TestNG.runSuites(TestNG.java:1069)
at org.testng.TestNG.run(TestNG.java:1037)
at org.testng.remote.AbstractRemoteTestNG.run(AbstractRemoteTestNG.java:115)
at org.testng.remote.RemoteTestNG.initAndRun(RemoteTestNG.java:251)
at org.testng.remote.RemoteTestNG.main(RemoteTestNG.java:77)
]]>
    </failure>
  </testcase> <!-- @BeforeMethod setup -->
  <testcase classname="TESTs.Testcases" name="test1" time="0.0">
    <skipped/>
  </testcase> <!-- test1 -->
</testsuite> <!-- Default test -->
